LoLPatcher caused ACCESS_VIOLATION in module LoLPatcher

Write to location 00000000 caused an access violation.

User Information:
    User Name: Louis
    Computer Name: LOUIS-PC

System Information:
    4 processor(s), type 586.
    80% of memory in use.
    8128M total physical memory.
    1623M free physical memory.
    12224M total paging file.
    3517M free paging file.
    2047M total virtual memory.
    1956M free virtual memory.

Process Memory:
    1956M free.
      26M reserved.
      65M commited.
    Largest free block is 1029M.

    PageFaultCount: 34748
    PeakWorkingSetSize: 7M
    WorkingSetSize: 7M
    QuotaPeakPagedPoolUsage: 0M
    QuotaPagedPoolUsage: 0M
    QuotaPeakNonPagedPoolUsage: 0M
    QuotaNonPagedPoolUsage: 0M
    PagefileUsage: 3M
    PeakPagefileUsage: 5M

